0 info it worked if it ends with ok
1 verbose cli [ '/usr/local/bin/node',
1 verbose cli   '/usr/local/bin/npm',
1 verbose cli   'run',
1 verbose cli   'production' ]
2 info using npm@1.4.28
3 info using node@v0.10.38
4 verbose run-script [ 'preproduction', 'production', 'postproduction' ]
5 info preproduction github_battle@1.0.0
6 info production github_battle@1.0.0
7 verbose unsafe-perm in lifecycle true
8 info github_battle@1.0.0 Failed to exec production script
9 error github_battle@1.0.0 production: `webpack -p`
9 error Exit status 255
10 error Failed at the github_battle@1.0.0 production script.
10 error This is most likely a problem with the github_battle package,
10 error not with npm itself.
10 error Tell the author that this fails on your system:
10 error     webpack -p
10 error You can get their info via:
10 error     npm owner ls github_battle
10 error There is likely additional logging output above.
11 error System Darwin 15.4.0
12 error command "/usr/local/bin/node" "/usr/local/bin/npm" "run" "production"
13 error cwd /Users/yaniv.preiss/yaps/github_battle
14 error node -v v0.10.38
15 error npm -v 1.4.28
16 error code ELIFECYCLE
17 verbose exit [ 1, true ]
